<?xml version="1.0" encoding="UTF-8"?>
<!-- Generated by org.testng.reporters.JUnitReportReporter -->
<testsuite hostname="DESKTOP-8J5OM6E" failures="0" tests="1" name="Basic.Test1" time="0.010" errors="0" timestamp="2023-11-28T10:54:55 IST" skipped="0">
  <testcase classname="Basic.Test1" name="Facebook" time="0.010"/>
</testsuite> <!-- Basic.Test1 -->
